
16/02/2023, 15:48:47 : call total asset  waxwapiatomicassetsio w unrsi.wam
16/02/2023, 15:48:47 : call asset detail waxwapiatomicassetsio w unrsi.wam  total assets  100
17/02/2023, 09:07:58 : call races queue
17/02/2023, 09:07:58 : call races queue
17/02/2023, 09:07:58 : call total asset  waxwapiatomicassetsio w null
17/02/2023, 09:07:58 : call total asset  waxwapiatomicassetsio w null
17/02/2023, 09:07:59 : call asset detail waxwapiatomicassetsio w null  total assets  0
17/02/2023, 09:07:59 : call asset detail waxwapiatomicassetsio w null  total assets  0
17/02/2023, 09:07:59 : [object Object] user null
17/02/2023, 09:07:59 : [object Object] user null
17/02/2023, 09:08:01 : call races queue
17/02/2023, 09:08:01 : call total asset  waxwapiatomicassetsio w null
17/02/2023, 09:08:01 : call asset detail waxwapiatomicassetsio w null  total assets  0
17/02/2023, 09:08:01 : [object Object] user null
17/02/2023, 09:08:03 : call races queue
17/02/2023, 09:08:03 : call races queue
17/02/2023, 09:08:04 : call total asset  waxwapiatomicassetsio w null
17/02/2023, 09:08:04 : call total asset  waxwapiatomicassetsio w null
17/02/2023, 09:08:04 : call asset detail waxwapiatomicassetsio w null  total assets  0
17/02/2023, 09:08:04 : call asset detail waxwapiatomicassetsio w null  total assets  0
17/02/2023, 09:08:04 : [object Object] user null
17/02/2023, 09:08:04 : [object Object] user null
17/02/2023, 09:08:08 : call races queue
17/02/2023, 09:08:08 : call total asset  waxwapiatomicassetsio w null
17/02/2023, 09:08:08 : call asset detail waxwapiatomicassetsio w null  total assets  0
17/02/2023, 09:08:08 : [object Object] user null
17/02/2023, 09:11:26 : call races queue
17/02/2023, 09:11:27 : call total asset  waxwapiatomicassetsio w null
17/02/2023, 09:11:27 : call asset detail waxwapiatomicassetsio w null  total assets  0
17/02/2023, 09:11:27 : [object Object] user null
17/02/2023, 09:11:29 : call races queue
17/02/2023, 09:11:30 : call total asset  waxwapiatomicassetsio w null
17/02/2023, 09:11:30 : call asset detail waxwapiatomicassetsio w null  total assets  0
17/02/2023, 09:11:30 : [object Object] user null
17/02/2023, 09:14:22 : [object Object] user unrsi.wam
17/02/2023, 09:14:22 : call total asset  waxwapiatomicassetsio w unrsi.wam
17/02/2023, 09:14:22 : call asset detail waxwapiatomicassetsio w unrsi.wam  total assets  100
22/02/2023, 10:23:29 : call races queue
22/02/2023, 10:23:54 : call races queue
22/02/2023, 10:24:24 : call races queue
22/02/2023, 10:28:53 : call races queue
22/02/2023, 10:28:53 : call total asset  waxwapiatomicassetsio w unrsi.wam
22/02/2023, 10:28:54 : call asset detail waxwapiatomicassetsio w unrsi.wam  total assets  99
22/02/2023, 10:28:56 : call races queue
22/02/2023, 10:28:57 : call races queue
22/02/2023, 10:28:57 : call races queue
22/02/2023, 10:28:58 : call races queue
22/02/2023, 10:28:59 : call races queue
22/02/2023, 10:29:00 : call races queue
22/02/2023, 10:29:16 : call total asset  waxwapiatomicassetsio w unrsi.wam
22/02/2023, 10:29:16 : call asset detail waxwapiatomicassetsio w unrsi.wam  total assets  99
22/02/2023, 10:29:17 : call total asset  waxwapiatomicassetsio w unrsi.wam
22/02/2023, 10:29:17 : call asset detail waxwapiatomicassetsio w unrsi.wam  total assets  99
22/02/2023, 10:31:46 : call total asset  waxwapiatomicassetsio w sxhay.wam
22/02/2023, 10:31:46 : call asset detail waxwapiatomicassetsio w sxhay.wam  total assets  1205
22/02/2023, 10:31:46 : [object Object] user sxhay.wam
22/02/2023, 10:41:57 : call races queue
22/02/2023, 10:41:58 : call total asset  waxwapiatomicassetsio w unrsi.wam
22/02/2023, 10:41:58 : call asset detail waxwapiatomicassetsio w unrsi.wam  total assets  99
22/02/2023, 10:42:13 : call races queue
22/02/2023, 10:42:13 : call total asset  waxwapiatomicassetsio w unrsi.wam
22/02/2023, 10:42:13 : call asset detail waxwapiatomicassetsio w unrsi.wam  total assets  99
22/02/2023, 10:42:16 : call races queue
22/02/2023, 10:42:17 : call total asset  waxwapiatomicassetsio w unrsi.wam
22/02/2023, 10:42:17 : call asset detail waxwapiatomicassetsio w unrsi.wam  total assets  99
22/02/2023, 10:42:22 : call total asset  waxwapiatomicassetsio w unrsi.wam
22/02/2023, 10:42:22 : call asset detail waxwapiatomicassetsio w unrsi.wam  total assets  99
22/02/2023, 10:42:32 : [object Object] user unrsi.wam
22/02/2023, 10:42:33 : call races queue
22/02/2023, 10:42:34 : call total asset  waxwapiatomicassetsio w unrsi.wam
22/02/2023, 10:42:34 : call asset detail waxwapiatomicassetsio w unrsi.wam  total assets  99
22/02/2023, 10:43:14 : call races queue
22/02/2023, 10:43:14 : call total asset  waxwapiatomicassetsio w unrsi.wam
22/02/2023, 10:43:14 : call asset detail waxwapiatomicassetsio w unrsi.wam  total assets  99
22/02/2023, 10:43:54 : call races queue
22/02/2023, 10:43:55 : call total asset  waxwapiatomicassetsio w unrsi.wam
22/02/2023, 10:43:55 : call asset detail waxwapiatomicassetsio w unrsi.wam  total assets  99
22/02/2023, 10:44:06 : call races queue
22/02/2023, 10:44:06 : call total asset  waxwapiatomicassetsio w unrsi.wam
22/02/2023, 10:44:06 : call asset detail waxwapiatomicassetsio w unrsi.wam  total assets  99
22/02/2023, 10:44:20 : call races queue
22/02/2023, 10:44:20 : call total asset  waxwapiatomicassetsio w unrsi.wam
22/02/2023, 10:44:20 : call asset detail waxwapiatomicassetsio w unrsi.wam  total assets  99
22/02/2023, 10:44:31 : call total asset  waxwapiatomicassetsio w sxhay.wam
22/02/2023, 10:44:31 : call asset detail waxwapiatomicassetsio w sxhay.wam  total assets  1205
22/02/2023, 10:44:32 : TypeError: a is undefined user sxhay.wam
22/02/2023, 10:45:31 : call races queue
22/02/2023, 10:45:31 : call total asset  waxwapiatomicassetsio w unrsi.wam
22/02/2023, 10:45:32 : call asset detail waxwapiatomicassetsio w unrsi.wam  total assets  99
22/02/2023, 10:45:34 : call total asset  waxwapiatomicassetsio w sxhay.wam
22/02/2023, 10:45:34 : call asset detail waxwapiatomicassetsio w sxhay.wam  total assets  1205
22/02/2023, 10:45:35 : TypeError: a is undefined user sxhay.wam
22/02/2023, 10:46:13 : call races queue
22/02/2023, 10:46:13 : call total asset  waxwapiatomicassetsio w unrsi.wam
22/02/2023, 10:46:13 : call asset detail waxwapiatomicassetsio w unrsi.wam  total assets  99
22/02/2023, 10:46:15 : call total asset  waxwapiatomicassetsio w sxhay.wam
22/02/2023, 10:46:15 : call asset detail waxwapiatomicassetsio w sxhay.wam  total assets  1205
22/02/2023, 10:46:16 : TypeError: a is undefined user sxhay.wam
22/02/2023, 10:47:12 : call races queue
22/02/2023, 10:47:12 : call total asset  waxwapiatomicassetsio w unrsi.wam
22/02/2023, 10:47:13 : call asset detail waxwapiatomicassetsio w unrsi.wam  total assets  99
22/02/2023, 10:47:14 : call total asset  waxwapiatomicassetsio w sxhay.wam
22/02/2023, 10:47:14 : call asset detail waxwapiatomicassetsio w sxhay.wam  total assets  1205
22/02/2023, 10:47:15 : TypeError: right-hand side of 'in' should be an object, got string user sxhay.wam
22/02/2023, 10:47:39 : call races queue
22/02/2023, 10:47:39 : call total asset  waxwapiatomicassetsio w unrsi.wam
22/02/2023, 10:47:39 : call asset detail waxwapiatomicassetsio w unrsi.wam  total assets  99
22/02/2023, 10:47:41 : call total asset  waxwapiatomicassetsio w sxhay.wam
22/02/2023, 10:47:41 : call asset detail waxwapiatomicassetsio w sxhay.wam  total assets  1205
22/02/2023, 10:47:41 : TypeError: right-hand side of 'in' should be an object, got string user sxhay.wam
22/02/2023, 10:48:12 : call total asset  waxwapiatomicassetsio w unrsi.wam
22/02/2023, 11:10:23 : call races queue
22/02/2023, 11:10:23 : call total asset  waxwapiatomicassetsio w unrsi.wam
22/02/2023, 11:10:24 : call asset detail waxwapiatomicassetsio w unrsi.wam  total assets  99
22/02/2023, 11:10:35 : call total asset  waxwapiatomicassetsio w sxhay.wam
22/02/2023, 11:10:35 : call asset detail waxwapiatomicassetsio w sxhay.wam  total assets  1205